420459
0
283949
7105
130588
969463
752942
680279
1000570
275472
810597
494842
419646
1258784
7363
6347
29470
19208
949603
442825
843467
467398
149398
403820
11583
1056170
1417296
12292
204823
196742
23584
11265
94743
191769
321359
18901
1120166
287252
1732638
1197828
9974
9889
1049585
423793
0
1011165
238402
108644
31179
215214
10658
106993
15051
152209
120896
32983
3581
805678
288492
675019
336002
56189
31192
50693
266235
371804
137030
1690004
18436
586874
396402
456543
298178
12337
290012
517602
442548
341832
543817
215677
7830
18290
249766
35106
160359
489437
217593
263089
11648
155915
44497
118654
158314
1146525
304655
122759
499616
212381
14064
21602
324232
1018170
505789
655762
155647
19497
165518
16659
865788
481848
11236
13886
629609
1435211
0
681672
278204
10354
181797
19625
13476
81931
368096
43780
10960
187479
433749
59207
116041
30473
485061
118399
0
1379776
40028
309097
151621
10664
153396
197006
275277
568492
254079
107041
421065
322010
1240622
3658
60085
1545723
1226398
299098
3348
693073
127031
12552
344364
559943
371498
0
8819
422020
305422
276182
967461
635987
481001
504571
1340324
195793
221925
902677
0
435604
60331
480551
507678
1198533
86001
506651
28010
666580
1131985
350690
28705
767388
0
1828001
122527
1359742
469708
594429
4756
114758
138275
18060
972718
4384
128553
144173
1254445
198929
13854
9681
7048
1552149
333737
888231
207413
1421498
0
834639
1097660
456413
1052525
80212
99267
436396
167036
78770
34181
415461
412033
22159
910512
764130
636375
671364
1394739
932215
342163
115125
771248
64466
102878
348892
1349323
61497
98645
297743
632380
76591
349692
0
13245
1376859
154276
502345
243720
182679
9390
1451031
753367
13509
927243
11872
243577
26982
126309
472010
26133
205140
9891
8848
101243
198847
55338
1503044
471900
444875
0
9232
0
532717
10753
104041
160910
4256
339780
462433
387916
693451
44349
474471
287458
95839
25291
258585
75227
566146
13572
574953
896961
163977
229322
551626
438794
12734
537726
1489972
629806
358241
20470
9862
11425
406367
6989
37029
241074
663154
68064
322327
912121
229600
11672
1595383
1758188
1650845
154205
314036
55622
128992
32333
327291
1126933
263498
359088
519151
3827
132763
8863
1465800
322706
175506
160461
317004
111092
40941
743993
15516
25772
703965
250322
181254
1348618
626695
1141316
400881
393526
43505
1465528
381418
106447
11113
189814
370787
71830
34536
271391
415663
759965
19994
0
143449
165602
10282
783137
10701
802379
663623
7059
546924
1117117
29186
1023920
836124
731113
133961
935532
262373
305811
6981
15393
395633
186455
33476
308978
24502
624147
1243163
15481
607773
250515
15256
16336
315009
410510
42657
7307
9028
1444440
144342
926140
72401
7331
9162
8321
612472
0
16939
998785
435937
848551
95847
696883
121892
765897
829438
10438
30217
415804
356411
70092
14474
1126177
95449
382773
417089
40098
256165
15354
377340
291695
7633
11949
642586
721242
323541
353588
255766
559927
737729
110394
66124
354223
365126
99382
209503
16765
1156004
791064
0
848964
78810
88007
16598
1303968
1245913
60452
248083
11163
16800
445983
654299
55158
0
598747
624141
85657
9425
81940
430079
298880
146707
605695
271328
591741
782775
556751
193128
202915
214717
13085
0
66330
158807
1219674
42118
359243
1104785
159664
831748
378200
290935
708844
171787
9522
87105
28234
469634
9914
698642
46316
87263
817454
388574
498714
94993
543866
182672
240843
572716
115864
211305
632647
156395
16633
15291
0
502804
25496
1119322
13066
1405092
309190
31763
665679
64040
318490
1702073
1198316
98789
107844
379972
9916
708795
219175
347689
7728
47212
214419
627486
182152
61425
9763
0
42276
198004
1227949
575626
1712810
95965
530074
0
349211
38081
525592
474946
0
649770
256677
349168
17821
1285936
2426
531136
11515
12766
1428072
914497
13305
1038726
302154
73782
80766
231202
53321
9183
15724
507397
369967
116733
1637896
1257729
27231
473915
17977
0
25162
1394429
420504
705295
276812
598328
81962
235505
925718
567784
156336
7785
1196626
294944
12322
554240
164939
351792
50963
716979
14135
988441
759554
4669
8945
25364
65075
415283
1228090
418460
3867
2430
434101
645746
665219
426704
174514
266350
374812
831061
42696
18486
90501
870295
406413
1170657
63177
53949
198482
49200
897928
1538070
1396943
213349
241235
761072
1067266
98814
342426
98556
10701
254644
136921
54502
1034089
307081
803632
465415
18667
166107
1120807
0
1598873
620963
161790
219682
8171
135434
48659
331210
427118
268980
1098593
831767
729976
1316494
700829
108679
15672
629203
0
15154
313456
446459
344210
17810
8926
12033
1454697
923184
495508
180151
131673
13192
501903
39735
6576
13797
1642819
1090675
341580
1733405
172720
112204
533521
10062
152433
215931
42233
291927
325242
14354
646016
38525
89448
87577
24631
1020304
313542
16167
360950
378136
101669
9803
23779
1214803
610540
715349
337949
127017
219074
803865
64522
29236
665174
553102
28045
7215
515024
204054
320404
240529
996166
8270
132021
3503
771719
569440
25148
473325
14306
340642
55478
529085
690186
293134
481995
50788
140334
423067
1399091
0
275637
1204457
1460258
595119
193634
995359
1003347
124768
1301291
101817
120914
797175
1634414
0
31824
78911
542401
18655
0
873446
46007
1548620
3639
4503
390261
209630
8102
126548
139626
1481407
217950
11700
237317
1211777
857703
6215
271395
0
423245
343231
1112700
38421
22582
953979
203186
270983
618886
127149
639167
345243
658788
135957
114452
824150
918509
129138
39896
16208
620353
3021
479718
114305
519327
150002
839588
645546
354164
1501886
83187
72141
20034
306035
122424
5876
30799
66050
53777
1133963
11235
1609580
10237
218541
712615
562450
483233
0
233534
822899
135054
977
1484
8613
10889
534082
72882
17159
446193
393277
489344
214307
17404
1281985
1029530
1315423
860373
11402
981825
670215
348484
399139
981949
219945
0
489048
491818
286647
29354
243752
9282
796734
59773
12896
25817
148900
892525
667808
11359
679442
446940
54653
1079705
646617
436367
15257
160745
114851
83216
214632
174594
649036
716607
436907
11163
815344
586597
67806
62751
58085
381667
376875
45046
10641
45311
4601
9616
880958
333978
285713
50090
605216
114184
805547
542021
175653
428120
199450
2423
752132
1208753
38207
806462
0
40518
358715
973722
144357
940741
13186
398254
17637
237685
762920
1364185
245618
205281
12760
6309
21640
40615
1055264
12195
235659
1502424
4926
111613
460927
477774
1250826
35415
357827
1072048
0
203362
11575
400225
792651
164240
252390
507974
0
1682357
650167
605100
265665
1516454
237625
11041
527462
254739
299354
511858
180098
7989
125189
890424
37198
161012
7460
1921
580031
222644
44244
777329
33761
101428
175771
12567
10650
10612
